# Nmap 7.93 scan initiated Mon Jan 16 10:49:06 2023 as: nmap -Pn -sC -sV -A -oN nmap.log 10.10.96.6
Nmap scan report for 10.10.96.6
Host is up (0.024s latency).
Not shown: 996 closed tcp ports (conn-refused)
PORT    STATE SERVICE     VERSION
21/tcp  open  ftp         vsftpd 2.0.8 or later
| ftp-syst: 
|   STAT: 
| FTP server status:
|      Connected to ::ffff:10.8.55.135
|      Logged in as ftp
|      TYPE: ASCII
|      No session bandwidth limit
|      Session timeout in seconds is 300
|      Control connection is plain text
|      Data connections will be plain text
|      At session startup, client count was 3
|      vsFTPd 3.0.3 - secure, fast, stable
|_End of status
| ftp-anon: Anonymous FTP login allowed (FTP code 230)
|_drwxrwxrwx    2 111      113          4096 Jun 04  2020 scripts [NSE: writeable]
22/tcp  open  ssh         OpenSSH 7.6p1 Ubuntu 4ubuntu0.3 (Ubuntu Linux; protocol 2.0)
| ssh-hostkey: 
|   2048 8bca21621c2b23fa6bc61fa813fe1c68 (RSA)
|   256 9589a412e2e6ab905d4519ff415f74ce (ECDSA)
|_  256 e12a96a4ea8f688fcc74b8f0287270cd (ED25519)
139/tcp open  netbios-ssn Samba smbd 3.X - 4.X (workgroup: WORKGROUP)
445/tcp open  netbios-ssn Samba smbd 4.7.6-Ubuntu (workgroup: WORKGROUP)
Service Info: Host: ANONYMOUS; OS: Linux; CPE: cpe:/o:linux:linux_kernel

Host script results:
| smb-security-mode: 
|   account_used: guest
|   authentication_level: user
|   challenge_response: supported
|_  message_signing: disabled (dangerous, but default)
| smb-os-discovery: 
|   OS: Windows 6.1 (Samba 4.7.6-Ubuntu)
|   Computer name: anonymous
|   NetBIOS computer name: ANONYMOUS\x00
|   Domain name: \x00
|   FQDN: anonymous
|_  System time: 2023-01-16T09:49:19+00:00
| smb2-time: 
|   date: 2023-01-16T09:49:20
|_  start_date: N/A
|_nbstat: NetBIOS name: ANONYMOUS, NetBIOS user: <unknown>, NetBIOS MAC: 000000000000 (Xerox)
| smb2-security-mode: 
|   311: 
|_    Message signing enabled but not required

Service detection performed. Please report any incorrect results at https://nmap.org/submit/ .
# Nmap done at Mon Jan 16 10:49:23 2023 -- 1 IP address (1 host up) scanned in 16.91 seconds
