# Nmap 7.92 scan initiated Wed Sep 21 04:52:18 2022 as: nmap -sC -sV -A -oN nmap.log 10.10.16.13
Nmap scan report for 10.10.16.13
Host is up (0.073s latency).
Not shown: 997 closed tcp ports (conn-refused)
PORT      STATE SERVICE VERSION
22/tcp    open  ssh     OpenSSH 8.2p1 Ubuntu 4ubuntu0.4 (Ubuntu Linux; protocol 2.0)
| ssh-hostkey: 
|   3072 7d:dc:eb:90:e4:af:33:d9:9f:0b:21:9a:fc:d5:77:f2 (RSA)
|   256 83:a7:4a:61:ef:93:a3:57:1a:57:38:5c:48:2a:eb:16 (ECDSA)
|_  256 30:bf:ef:94:08:86:07:00:f7:fc:df:e8:ed:fe:07:af (ED25519)
2222/tcp  open  ssh     OpenSSH 8.2p1 Ubuntu 4ubuntu0.4 (Ubuntu Linux; protocol 2.0)
| ssh-hostkey: 
|   3072 bd:5f:9d:70:4b:11:01:d4:dd:0a:43:f2:bc:63:6b:6a (RSA)
|   256 3c:77:01:54:fd:17:03:9e:b6:50:be:f1:a6:85:a1:ee (ECDSA)
|_  256 ce:f3:35:44:a6:0e:8d:18:e1:1b:46:3b:30:ef:d2:5e (ED25519)
31337/tcp open  Elite?
| fingerprint-strings: 
|   DNSStatusRequestTCP, DNSVersionBindReqTCP, FourOhFourRequest, GenericLines, GetRequest, Help, JavaRMI, Kerberos, LDAPBindReq, LDAPSearchReq, LPDString, NCP, NULL, NotesRPC, RPCCheck, RTSPRequest, SIPOptions, SMBProgNeg, TLSSessionReq, TerminalServer, TerminalServerCookie, X11Probe: 
|     In case I forget - user:pass
|_    ubuntu:Dafdas!!/str0ng
1 service unrecognized despite returning data. If you know the service/version, please submit the following fingerprint at https://nmap.org/cgi-bin/submit.cgi?new-service :
SF-Port31337-TCP:V=7.92%I=7%D=9/21%Time=632AD0C9%P=x86_64-pc-linux-gnu%r(N
SF:ULL,35,"In\x20case\x20I\x20forget\x20-\x20user:pass\nubuntu:Dafdas!!/st
SF:r0ng\n\n")%r(GetRequest,35,"In\x20case\x20I\x20forget\x20-\x20user:pass
SF:\nubuntu:Dafdas!!/str0ng\n\n")%r(SIPOptions,35,"In\x20case\x20I\x20forg
SF:et\x20-\x20user:pass\nubuntu:Dafdas!!/str0ng\n\n")%r(GenericLines,35,"I
SF:n\x20case\x20I\x20forget\x20-\x20user:pass\nubuntu:Dafdas!!/str0ng\n\n"
SF:)%r(RTSPRequest,35,"In\x20case\x20I\x20forget\x20-\x20user:pass\nubuntu
SF::Dafdas!!/str0ng\n\n")%r(RPCCheck,35,"In\x20case\x20I\x20forget\x20-\x2
SF:0user:pass\nubuntu:Dafdas!!/str0ng\n\n")%r(DNSVersionBindReqTCP,35,"In\
SF:x20case\x20I\x20forget\x20-\x20user:pass\nubuntu:Dafdas!!/str0ng\n\n")%
SF:r(DNSStatusRequestTCP,35,"In\x20case\x20I\x20forget\x20-\x20user:pass\n
SF:ubuntu:Dafdas!!/str0ng\n\n")%r(Help,35,"In\x20case\x20I\x20forget\x20-\
SF:x20user:pass\nubuntu:Dafdas!!/str0ng\n\n")%r(TerminalServerCookie,35,"I
SF:n\x20case\x20I\x20forget\x20-\x20user:pass\nubuntu:Dafdas!!/str0ng\n\n"
SF:)%r(TLSSessionReq,35,"In\x20case\x20I\x20forget\x20-\x20user:pass\nubun
SF:tu:Dafdas!!/str0ng\n\n")%r(Kerberos,35,"In\x20case\x20I\x20forget\x20-\
SF:x20user:pass\nubuntu:Dafdas!!/str0ng\n\n")%r(SMBProgNeg,35,"In\x20case\
SF:x20I\x20forget\x20-\x20user:pass\nubuntu:Dafdas!!/str0ng\n\n")%r(X11Pro
SF:be,35,"In\x20case\x20I\x20forget\x20-\x20user:pass\nubuntu:Dafdas!!/str
SF:0ng\n\n")%r(FourOhFourRequest,35,"In\x20case\x20I\x20forget\x20-\x20use
SF:r:pass\nubuntu:Dafdas!!/str0ng\n\n")%r(LPDString,35,"In\x20case\x20I\x2
SF:0forget\x20-\x20user:pass\nubuntu:Dafdas!!/str0ng\n\n")%r(LDAPSearchReq
SF:,35,"In\x20case\x20I\x20forget\x20-\x20user:pass\nubuntu:Dafdas!!/str0n
SF:g\n\n")%r(LDAPBindReq,35,"In\x20case\x20I\x20forget\x20-\x20user:pass\n
SF:ubuntu:Dafdas!!/str0ng\n\n")%r(TerminalServer,35,"In\x20case\x20I\x20fo
SF:rget\x20-\x20user:pass\nubuntu:Dafdas!!/str0ng\n\n")%r(NCP,35,"In\x20ca
SF:se\x20I\x20forget\x20-\x20user:pass\nubuntu:Dafdas!!/str0ng\n\n")%r(Not
SF:esRPC,35,"In\x20case\x20I\x20forget\x20-\x20user:pass\nubuntu:Dafdas!!/
SF:str0ng\n\n")%r(JavaRMI,35,"In\x20case\x20I\x20forget\x20-\x20user:pass\
SF:nubuntu:Dafdas!!/str0ng\n\n");
Service Info: OS: Linux; CPE: cpe:/o:linux:linux_kernel

Service detection performed. Please report any incorrect results at https://nmap.org/submit/ .
# Nmap done at Wed Sep 21 04:52:32 2022 -- 1 IP address (1 host up) scanned in 14.44 seconds
