/.hta.json            (Status: 403) [Size: 277]
/.hta.html            (Status: 403) [Size: 277]
/.hta                 (Status: 403) [Size: 277]
/.hta.php             (Status: 403) [Size: 277]
/.hta.txt             (Status: 403) [Size: 277]
/.htaccess.txt        (Status: 403) [Size: 277]
/.htpasswd            (Status: 403) [Size: 277]
/.htaccess.json       (Status: 403) [Size: 277]
/.htpasswd.php        (Status: 403) [Size: 277]
/.htaccess.html       (Status: 403) [Size: 277]
/.htpasswd.txt        (Status: 403) [Size: 277]
/.htaccess            (Status: 403) [Size: 277]
/.htpasswd.json       (Status: 403) [Size: 277]
/.htaccess.php        (Status: 403) [Size: 277]
/.htpasswd.html       (Status: 403) [Size: 277]
/css                  (Status: 301) [Size: 310] [--> http://10.10.251.80/css/]
/index.php            (Status: 200) [Size: 616]
/index.php            (Status: 200) [Size: 616]
/js                   (Status: 301) [Size: 309] [--> http://10.10.251.80/js/]
/panel                (Status: 301) [Size: 312] [--> http://10.10.251.80/panel/]
/server-status        (Status: 403) [Size: 277]
/uploads              (Status: 301) [Size: 314] [--> http://10.10.251.80/uploads/]
