- Nikto v2.1.6
---------------------------------------------------------------------------
+ Target IP:          10.10.198.108
+ Target Hostname:    10.10.198.108
+ Target Port:        80
+ Start Time:         2023-01-18 10:59:36 (GMT1)
---------------------------------------------------------------------------
+ Server: Apache/2.4.29 (Ubuntu)
+ The anti-clickjacking X-Frame-Options header is not present.
+ The X-XSS-Protection header is not defined. This header can hint to the user agent to protect against some forms of XSS
+ The X-Content-Type-Options header is not set. This could allow the user agent to render the content of the site in a different fashion to the MIME type
+ No CGI Directories found (use '-C all' to force check all possible dirs)
+ Apache/2.4.29 appears to be outdated (current is at least Apache/2.4.37). Apache 2.2.34 is the EOL for the 2.x branch.
+ Server may leak inodes via ETags, header found with file /, inode: 2aa6, size: 5acf31f1b626d, mtime: gzip
+ Allowed HTTP Methods: OPTIONS, HEAD, GET, POST 
+ Cookie PHPSESSID created without the httponly flag
+ OSVDB-3092: /admin/: This might be interesting...
+ OSVDB-3093: /admin/index.php: This might be interesting... has been seen in web logs from an unknown scanner.
+ OSVDB-3233: /icons/README: Apache default file found.
+ 7890 requests: 0 error(s) and 10 item(s) reported on remote host
+ End Time:           2023-01-18 11:09:09 (GMT1) (573 seconds)
---------------------------------------------------------------------------
+ 1 host(s) tested
