# Nmap 7.93 scan initiated Thu Jan 12 11:36:07 2023 as: nmap -sC -sV -A -oN nmap.log 10.10.202.103
Nmap scan report for 10.10.202.103
Host is up (0.081s latency).
Not shown: 991 closed tcp ports (conn-refused)
PORT      STATE SERVICE            VERSION
135/tcp   open  msrpc              Microsoft Windows RPC
139/tcp   open  netbios-ssn        Microsoft Windows netbios-ssn
445/tcp   open  microsoft-ds       Windows 7 Professional 7601 Service Pack 1 microsoft-ds (workgroup: WORKGROUP)
3389/tcp  open  ssl/ms-wbt-server?
| ssl-cert: Subject: commonName=Jon-PC
| Not valid before: 2023-01-11T10:31:05
|_Not valid after:  2023-07-13T10:31:05
| rdp-ntlm-info: 
|   Target_Name: JON-PC
|   NetBIOS_Domain_Name: JON-PC
|   NetBIOS_Computer_Name: JON-PC
|   DNS_Domain_Name: Jon-PC
|   DNS_Computer_Name: Jon-PC
|   Product_Version: 6.1.7601
|_  System_Time: 2023-01-12T10:37:47+00:00
|_ssl-date: 2023-01-12T10:37:53+00:00; +1s from scanner time.
49152/tcp open  msrpc              Microsoft Windows RPC
49153/tcp open  msrpc              Microsoft Windows RPC
49154/tcp open  msrpc              Microsoft Windows RPC
49155/tcp open  msrpc              Microsoft Windows RPC
49159/tcp open  msrpc              Microsoft Windows RPC
Service Info: Host: JON-PC; OS: Windows; CPE: cpe:/o:microsoft:windows

Host script results:
|_clock-skew: mean: 1h12m00s, deviation: 2h40m59s, median: 0s
| smb2-security-mode: 
|   210: 
|_    Message signing enabled but not required
|_nbstat: NetBIOS name: JON-PC, NetBIOS user: <unknown>, NetBIOS MAC: 02e821dffc87 (unknown)
| smb2-time: 
|   date: 2023-01-12T10:37:47
|_  start_date: 2023-01-12T10:30:40
| smb-security-mode: 
|   account_used: guest
|   authentication_level: user
|   challenge_response: supported
|_  message_signing: disabled (dangerous, but default)
| smb-os-discovery: 
|   OS: Windows 7 Professional 7601 Service Pack 1 (Windows 7 Professional 6.1)
|   OS CPE: cpe:/o:microsoft:windows_7::sp1:professional
|   Computer name: Jon-PC
|   NetBIOS computer name: JON-PC\x00
|   Workgroup: WORKGROUP\x00
|_  System time: 2023-01-12T04:37:47-06:00

Service detection performed. Please report any incorrect results at https://nmap.org/submit/ .
# Nmap done at Thu Jan 12 11:37:52 2023 -- 1 IP address (1 host up) scanned in 105.20 seconds
