# Nmap 7.92 scan initiated Thu Sep 15 07:54:39 2022 as: nmap -sC -sV -A -oN nmap.log 10.10.129.173
Nmap scan report for 10.10.129.173
Host is up (0.045s latency).
Not shown: 995 filtered tcp ports (no-response)
PORT     STATE SERVICE       VERSION
21/tcp   open  ftp           FileZilla ftpd
| ftp-anon: Anonymous FTP login allowed (FTP code 230)
|_Can't get directory listing: TIMEOUT
| ftp-syst: 
|_  SYST: UNIX emulated by FileZilla
53/tcp   open  domain        Simple DNS Plus
80/tcp   open  http          Microsoft IIS httpd 10.0
|_http-title: IIS Windows Server
| http-methods: 
|_  Potentially risky methods: TRACE
|_http-server-header: Microsoft-IIS/10.0
135/tcp  open  msrpc         Microsoft Windows RPC
3389/tcp open  ms-wbt-server Microsoft Terminal Services
| rdp-ntlm-info: 
|   Target_Name: WIN-SCAN
|   NetBIOS_Domain_Name: WIN-SCAN
|   NetBIOS_Computer_Name: WIN-SCAN
|   DNS_Domain_Name: win-scan
|   DNS_Computer_Name: win-scan
|   Product_Version: 10.0.17763
|_  System_Time: 2022-09-15T11:55:00+00:00
|_ssl-date: 2022-09-15T11:55:31+00:00; 0s from scanner time.
| ssl-cert: Subject: commonName=win-scan
| Not valid before: 2022-09-14T11:26:04
|_Not valid after:  2023-03-16T11:26:04
Service Info: OS: Windows; CPE: cpe:/o:microsoft:windows

Service detection performed. Please report any incorrect results at https://nmap.org/submit/ .
# Nmap done at Thu Sep 15 07:55:31 2022 -- 1 IP address (1 host up) scanned in 52.39 seconds
