===============================================================
Gobuster v3.4
by OJ Reeves (@TheColonial) & Christian Mehlmauer (@firefart)
===============================================================
[+] Url:                     https://10.10.101.108
[+] Method:                  GET
[+] Threads:                 10
[+] Wordlist:                /opt/wordlists/common.txt
[+] Negative Status codes:   404
[+] User Agent:              gobuster/3.4
[+] Extensions:              txt,php,html,json
[+] Timeout:                 10s
===============================================================
2023/01/12 15:00:29 Starting gobuster in directory enumeration mode
===============================================================

===============================================================
Gobuster v3.4
by OJ Reeves (@TheColonial) & Christian Mehlmauer (@firefart)
===============================================================
[+] Url:                     https://10.10.101.108:8080
[+] Method:                  GET
[+] Threads:                 10
[+] Wordlist:                /opt/wordlists/common.txt
[+] Negative Status codes:   404
[+] User Agent:              gobuster/3.4
[+] Extensions:              txt,php,html,json
[+] Timeout:                 10s
===============================================================
2023/01/12 15:00:35 Starting gobuster in directory enumeration mode
===============================================================

===============================================================
Gobuster v3.4
by OJ Reeves (@TheColonial) & Christian Mehlmauer (@firefart)
===============================================================
[+] Url:                     http://10.10.101.108:8080
[+] Method:                  GET
[+] Threads:                 10
[+] Wordlist:                /opt/wordlists/common.txt
[+] Negative Status codes:   404
[+] User Agent:              gobuster/3.4
[+] Extensions:              html,json,txt,php
[+] Timeout:                 10s
===============================================================
2023/01/12 15:00:46 Starting gobuster in directory enumeration mode
===============================================================
[2K/docs                 (Status: 302) [Size: 0] [--> /docs/]
[2K/examples             (Status: 302) [Size: 0] [--> /examples/]
[2K/favicon.ico          (Status: 200) [Size: 21630]
[2K/host-manager         (Status: 302) [Size: 0] [--> /host-manager/]
[2K/manager              (Status: 302) [Size: 0] [--> /manager/]

===============================================================
2023/01/12 15:02:07 Finished
===============================================================
