# Nmap 7.93 scan initiated Wed Jan 18 11:51:12 2023 as: nmap -Pn -sC -sV -A -oN nmap.log 10.10.165.32
Nmap scan report for 10.10.165.32
Host is up (0.022s latency).
Not shown: 996 closed tcp ports (conn-refused)
PORT    STATE SERVICE VERSION
21/tcp  open  ftp     vsftpd 3.0.2
22/tcp  open  ssh     OpenSSH 6.7p1 Debian 5+deb8u8 (protocol 2.0)
| ssh-hostkey: 
|   1024 5650bd11efd4ac5632c3ee733ede87f4 (DSA)
|   2048 396f3a9cb62dad0cd86dbe77130725d6 (RSA)
|   256 a66996d76d6127967ebb9f83601b5212 (ECDSA)
|_  256 3f437675a85aa6cd33b066420491fea0 (ED25519)
80/tcp  open  http    Apache httpd
|_http-title: Purgatory
|_http-server-header: Apache
111/tcp open  rpcbind 2-4 (RPC #100000)
| rpcinfo: 
|   program version    port/proto  service
|   100000  2,3,4        111/tcp   rpcbind
|   100000  2,3,4        111/udp   rpcbind
|   100000  3,4          111/tcp6  rpcbind
|   100000  3,4          111/udp6  rpcbind
|   100024  1          41156/udp6  status
|   100024  1          53903/tcp6  status
|   100024  1          58761/udp   status
|_  100024  1          59550/tcp   status
Service Info: OSs: Unix, Linux; CPE: cpe:/o:linux:linux_kernel

Service detection performed. Please report any incorrect results at https://nmap.org/submit/ .
# Nmap done at Wed Jan 18 11:51:21 2023 -- 1 IP address (1 host up) scanned in 9.23 seconds
