# Nmap 7.92 scan initiated Wed Sep 21 03:58:11 2022 as: nmap -sC -sV -A -oN nmap.log -p 0-9000 10.10.35.233
Nmap scan report for 10.10.35.233
Host is up (0.059s latency).
Not shown: 8998 closed tcp ports (conn-refused)
PORT     STATE SERVICE      VERSION
22/tcp   open  ssh          OpenSSH 8.2p1 Ubuntu 4ubuntu0.4 (Ubuntu Linux; protocol 2.0)
| ssh-hostkey: 
|   3072 1a:c7:00:71:b6:65:f5:82:d8:24:80:72:48:ad:99:6e (RSA)
|   256 3a:b5:25:2e:ea:2b:44:58:24:55:ef:82:ce:e0:ba:eb (ECDSA)
|_  256 cf:10:02:8e:96:d3:24:ad:ae:7d:d1:5a:0d:c4:86:ac (ED25519)
80/tcp   open  http         nginx 1.18.0 (Ubuntu)
|_http-title: Did not follow redirect to https://10.10.35.233:4040/
|_http-server-header: nginx/1.18.0 (Ubuntu)
4040/tcp open  ssl/yo-main?
| fingerprint-strings: 
|   GetRequest: 
|     HTTP/1.1 200 OK
|     Content-type: text/html
|     Date: Wed, 21 Sep 2022 07:59:32 GMT
|     Connection: close
|     <!DOCTYPE html>
|     <html>
|     <head>
|     <title>ABC</title>
|     <style>
|     body {
|     width: 35em;
|     margin: 0 auto;
|     font-family: Tahoma, Verdana, Arial, sans-serif;
|     </style>
|     </head>
|     <body>
|     <h1>Welcome to ABC!</h1>
|     <p>Abbadabba Broadcasting Compandy</p>
|     <p>We're in the process of building a website! Can you believe this technology exists in bedrock?!?</p>
|     <p>Barney is helping to setup the server, and he said this info was important...</p>
|     <pre>
|     Hey, it's Barney. I only figured out nginx so far, what the h3ll is a database?!?
|     Bamm Bamm tried to setup a sql database, but I don't see it running.
|     Looks like it started something else, but I'm not sure how to turn it off...
|     said it was from the toilet and OVER 9000!
|     Need to try and secure
|   HTTPOptions: 
|     HTTP/1.1 200 OK
|     Content-type: text/html
|     Date: Wed, 21 Sep 2022 07:59:33 GMT
|     Connection: close
|     <!DOCTYPE html>
|     <html>
|     <head>
|     <title>ABC</title>
|     <style>
|     body {
|     width: 35em;
|     margin: 0 auto;
|     font-family: Tahoma, Verdana, Arial, sans-serif;
|     </style>
|     </head>
|     <body>
|     <h1>Welcome to ABC!</h1>
|     <p>Abbadabba Broadcasting Compandy</p>
|     <p>We're in the process of building a website! Can you believe this technology exists in bedrock?!?</p>
|     <p>Barney is helping to setup the server, and he said this info was important...</p>
|     <pre>
|     Hey, it's Barney. I only figured out nginx so far, what the h3ll is a database?!?
|     Bamm Bamm tried to setup a sql database, but I don't see it running.
|     Looks like it started something else, but I'm not sure how to turn it off...
|     said it was from the toilet and OVER 9000!
|_    Need to try and secure
| ssl-cert: Subject: commonName=localhost
| Not valid before: 2022-09-21T07:09:08
|_Not valid after:  2023-09-21T07:09:08
| tls-alpn: 
|_  http/1.1
|_ssl-date: TLS randomness does not represent time
1 service unrecognized despite returning data. If you know the service/version, please submit the following fingerprint at https://nmap.org/cgi-bin/submit.cgi?new-service :
SF-Port4040-TCP:V=7.92%T=SSL%I=7%D=9/21%Time=632AC465%P=x86_64-pc-linux-gn
SF:u%r(GetRequest,3BE,"HTTP/1\.1\x20200\x20OK\r\nContent-type:\x20text/htm
SF:l\r\nDate:\x20Wed,\x2021\x20Sep\x202022\x2007:59:32\x20GMT\r\nConnectio
SF:n:\x20close\r\n\r\n<!DOCTYPE\x20html>\n<html>\n\x20\x20<head>\n\x20\x20
SF:\x20\x20<title>ABC</title>\n\x20\x20\x20\x20<style>\n\x20\x20\x20\x20\x
SF:20\x20body\x20{\n\x20\x20\x20\x20\x20\x20\x20\x20width:\x2035em;\n\x20\
SF:x20\x20\x20\x20\x20\x20\x20margin:\x200\x20auto;\n\x20\x20\x20\x20\x20\
SF:x20\x20\x20font-family:\x20Tahoma,\x20Verdana,\x20Arial,\x20sans-serif;
SF:\n\x20\x20\x20\x20\x20\x20}\n\x20\x20\x20\x20</style>\n\x20\x20</head>\
SF:n\n\x20\x20<body>\n\x20\x20\x20\x20<h1>Welcome\x20to\x20ABC!</h1>\n\x20
SF:\x20\x20\x20<p>Abbadabba\x20Broadcasting\x20Compandy</p>\n\n\x20\x20\x2
SF:0\x20<p>We're\x20in\x20the\x20process\x20of\x20building\x20a\x20website
SF:!\x20Can\x20you\x20believe\x20this\x20technology\x20exists\x20in\x20bed
SF:rock\?!\?</p>\n\n\x20\x20\x20\x20<p>Barney\x20is\x20helping\x20to\x20se
SF:tup\x20the\x20server,\x20and\x20he\x20said\x20this\x20info\x20was\x20im
SF:portant\.\.\.</p>\n\n<pre>\nHey,\x20it's\x20Barney\.\x20I\x20only\x20fi
SF:gured\x20out\x20nginx\x20so\x20far,\x20what\x20the\x20h3ll\x20is\x20a\x
SF:20database\?!\?\nBamm\x20Bamm\x20tried\x20to\x20setup\x20a\x20sql\x20da
SF:tabase,\x20but\x20I\x20don't\x20see\x20it\x20running\.\nLooks\x20like\x
SF:20it\x20started\x20something\x20else,\x20but\x20I'm\x20not\x20sure\x20h
SF:ow\x20to\x20turn\x20it\x20off\.\.\.\n\nHe\x20said\x20it\x20was\x20from\
SF:x20the\x20toilet\x20and\x20OVER\x209000!\n\nNeed\x20to\x20try\x20and\x2
SF:0secure\x20")%r(HTTPOptions,3BE,"HTTP/1\.1\x20200\x20OK\r\nContent-type
SF::\x20text/html\r\nDate:\x20Wed,\x2021\x20Sep\x202022\x2007:59:33\x20GMT
SF:\r\nConnection:\x20close\r\n\r\n<!DOCTYPE\x20html>\n<html>\n\x20\x20<he
SF:ad>\n\x20\x20\x20\x20<title>ABC</title>\n\x20\x20\x20\x20<style>\n\x20\
SF:x20\x20\x20\x20\x20body\x20{\n\x20\x20\x20\x20\x20\x20\x20\x20width:\x2
SF:035em;\n\x20\x20\x20\x20\x20\x20\x20\x20margin:\x200\x20auto;\n\x20\x20
SF:\x20\x20\x20\x20\x20\x20font-family:\x20Tahoma,\x20Verdana,\x20Arial,\x
SF:20sans-serif;\n\x20\x20\x20\x20\x20\x20}\n\x20\x20\x20\x20</style>\n\x2
SF:0\x20</head>\n\n\x20\x20<body>\n\x20\x20\x20\x20<h1>Welcome\x20to\x20AB
SF:C!</h1>\n\x20\x20\x20\x20<p>Abbadabba\x20Broadcasting\x20Compandy</p>\n
SF:\n\x20\x20\x20\x20<p>We're\x20in\x20the\x20process\x20of\x20building\x2
SF:0a\x20website!\x20Can\x20you\x20believe\x20this\x20technology\x20exists
SF:\x20in\x20bedrock\?!\?</p>\n\n\x20\x20\x20\x20<p>Barney\x20is\x20helpin
SF:g\x20to\x20setup\x20the\x20server,\x20and\x20he\x20said\x20this\x20info
SF:\x20was\x20important\.\.\.</p>\n\n<pre>\nHey,\x20it's\x20Barney\.\x20I\
SF:x20only\x20figured\x20out\x20nginx\x20so\x20far,\x20what\x20the\x20h3ll
SF:\x20is\x20a\x20database\?!\?\nBamm\x20Bamm\x20tried\x20to\x20setup\x20a
SF:\x20sql\x20database,\x20but\x20I\x20don't\x20see\x20it\x20running\.\nLo
SF:oks\x20like\x20it\x20started\x20something\x20else,\x20but\x20I'm\x20not
SF:\x20sure\x20how\x20to\x20turn\x20it\x20off\.\.\.\n\nHe\x20said\x20it\x2
SF:0was\x20from\x20the\x20toilet\x20and\x20OVER\x209000!\n\nNeed\x20to\x20
SF:try\x20and\x20secure\x20");
Service Info: OS: Linux; CPE: cpe:/o:linux:linux_kernel

Service detection performed. Please report any incorrect results at https://nmap.org/submit/ .
# Nmap done at Wed Sep 21 03:59:47 2022 -- 1 IP address (1 host up) scanned in 96.37 seconds
