# Nmap 7.93 scan initiated Thu Jan 12 10:17:14 2023 as: nmap -sC -sV -A -oN nmap.log 10.10.174.53
Nmap scan report for 10.10.174.53
Host is up (0.060s latency).
Not shown: 995 filtered tcp ports (no-response)
PORT     STATE SERVICE            VERSION
80/tcp   open  http               Microsoft IIS httpd 10.0
|_http-title: IIS Windows Server
| http-methods: 
|_  Potentially risky methods: TRACE
|_http-server-header: Microsoft-IIS/10.0
135/tcp  open  msrpc              Microsoft Windows RPC
139/tcp  open  netbios-ssn        Microsoft Windows netbios-ssn
445/tcp  open  microsoft-ds       Windows Server 2016 Standard Evaluation 14393 microsoft-ds
3389/tcp open  ssl/ms-wbt-server?
| ssl-cert: Subject: commonName=Relevant
| Not valid before: 2023-01-11T09:12:34
|_Not valid after:  2023-07-13T09:12:34
| rdp-ntlm-info: 
|   Target_Name: RELEVANT
|   NetBIOS_Domain_Name: RELEVANT
|   NetBIOS_Computer_Name: RELEVANT
|   DNS_Domain_Name: Relevant
|   DNS_Computer_Name: Relevant
|   Product_Version: 10.0.14393
|_  System_Time: 2023-01-12T09:19:12+00:00
|_ssl-date: 2023-01-12T09:19:52+00:00; +3s from scanner time.
Service Info: OSs: Windows, Windows Server 2008 R2 - 2012; CPE: cpe:/o:microsoft:windows

Host script results:
|_clock-skew: mean: 1h36m03s, deviation: 3h34m41s, median: 2s
| smb2-security-mode: 
|   311: 
|_    Message signing enabled but not required
| smb2-time: 
|   date: 2023-01-12T09:19:13
|_  start_date: 2023-01-12T09:13:17
| smb-os-discovery: 
|   OS: Windows Server 2016 Standard Evaluation 14393 (Windows Server 2016 Standard Evaluation 6.3)
|   Computer name: Relevant
|   NetBIOS computer name: RELEVANT\x00
|   Workgroup: WORKGROUP\x00
|_  System time: 2023-01-12T01:19:14-08:00
| smb-security-mode: 
|   account_used: guest
|   authentication_level: user
|   challenge_response: supported
|_  message_signing: disabled (dangerous, but default)

Service detection performed. Please report any incorrect results at https://nmap.org/submit/ .
# Nmap done at Thu Jan 12 10:19:56 2023 -- 1 IP address (1 host up) scanned in 161.42 seconds
